[INFO ] 2019-03-01 12:33:04.989 [main] Title - *******************************
**  Mode Développeur activé  **
*******************************
[INFO ] 2019-03-01 12:33:04.990 [main] Title - Bonjour et bienvenue dans vos jeux de société.
[INFO ] 2019-03-01 12:33:04.990 [main] Title - A quel jeu souhaitez-vous jouer ? 1 -> Recherche + - : 2 -> Mastermind.
[INFO ] 2019-03-04 10:23:52.047 [main] Title - *******************************
**  Mode Développeur activé  **
*******************************
[INFO ] 2019-03-04 10:23:52.052 [main] Title - Bonjour et bienvenue dans vos jeux de société.
[INFO ] 2019-03-04 10:23:52.052 [main] Title - A quel jeu souhaitez-vous jouer ? 1 -> Recherche + - : 2 -> Mastermind.
[INFO ] 2019-03-06 08:57:28.309 [main] Title - *******************************
**     Mode Joueur activé    **
*******************************
[INFO ] 2019-03-06 08:57:28.348 [main] Title - Bonjour et bienvenue dans vos jeux de société.
[INFO ] 2019-03-06 08:57:28.348 [main] Title - A quel jeu souhaitez-vous jouer ? 1 -> Recherche + - : 2 -> Mastermind.
[INFO ] 2019-03-06 08:58:14.358 [main] Title - *******************************
**  Mode Développeur activé  **
*******************************
[INFO ] 2019-03-06 08:58:14.360 [main] Title - Bonjour et bienvenue dans vos jeux de société.
[INFO ] 2019-03-06 08:58:14.361 [main] Title - A quel jeu souhaitez-vous jouer ? 1 -> Recherche + - : 2 -> Mastermind.
[INFO ] 2019-03-06 08:58:52.532 [main] Title - Recherche + - choisissez votre mode : 1 - Challenger : 2 - Défenseur : 3 - Duel
[INFO ] 2019-03-06 08:58:53.308 [main] Title - *** Jeu du Recherche +/- en mode Défenseur. Combinaison de 4 chiffres maximun et 20 essais possibles ***
[INFO ] 2019-03-06 08:58:53.309 [main] Title - Joueur : Veuillez saisir votre combinaison secrète
[INFO ] 2019-03-06 08:58:58.989 [main] Title - PC : Proposition n° 1 sur 20 : 3898 -> Réponse : ++++
[INFO ] 2019-03-06 08:58:58.990 [main] Title - PC : Proposition n° 2 sur 20 : 2354 -> Réponse : +++=
[INFO ] 2019-03-06 08:58:58.991 [main] Title - PC : Proposition n° 3 sur 20 : 0044 -> Réponse : --+=
[INFO ] 2019-03-06 08:58:58.991 [main] Title - PC : Proposition n° 4 sur 20 : 1104 -> Réponse : =--=
[INFO ] 2019-03-06 08:58:58.992 [main] Title - PC : Proposition n° 5 sur 20 : 1234 -> Réponse : ====
[INFO ] 2019-03-06 08:58:58.993 [main] Title - PC : Félicitation la combinaison secrète a été trouvée en 5 essais.
[INFO ] 2019-03-06 08:58:58.993 [main] Title - Voulez-vous recommencer une partie O/N ou quitter le jeu Q ?
[INFO ] 2019-03-06 09:00:35.256 [main] Title - *******************************
**  Mode Développeur activé  **
*******************************
[INFO ] 2019-03-06 09:00:35.259 [main] Title - Bonjour et bienvenue dans vos jeux de société.
[INFO ] 2019-03-06 09:00:35.260 [main] Title - A quel jeu souhaitez-vous jouer ? 1 -> Recherche + - : 2 -> Mastermind.
[INFO ] 2019-03-06 09:28:43.396 [main] Title - Recherche + - choisissez votre mode : 1 - Challenger : 2 - Défenseur : 3 - Duel
[INFO ] 2019-03-06 09:28:45.229 [main] Title - *** Jeu du Recherche +/- en mode Défenseur. Combinaison de 4 chiffres maximun et 20 essais possibles ***
[INFO ] 2019-03-06 09:28:45.229 [main] Title - Joueur : Veuillez saisir votre combinaison secrète
[INFO ] 2019-03-06 09:28:46.627 [main] Title - PC : Proposition n° 1 sur 20 : 0265 -> Réponse : -=++
[INFO ] 2019-03-06 09:28:46.628 [main] Title - PC : Proposition n° 2 sur 20 : 1250 -> Réponse : ==+-
[INFO ] 2019-03-06 09:28:46.629 [main] Title - PC : Proposition n° 3 sur 20 : 1203 -> Réponse : ==--
[INFO ] 2019-03-06 09:28:46.630 [main] Title - PC : Proposition n° 4 sur 20 : 1224 -> Réponse : ==-=
[INFO ] 2019-03-06 09:28:46.631 [main] Title - PC : Proposition n° 5 sur 20 : 1234 -> Réponse : ====
[INFO ] 2019-03-06 09:28:46.631 [main] Title - PC : Félicitation la combinaison secrète a été trouvée en 5 essais.
[INFO ] 2019-03-06 09:28:46.632 [main] Title - Voulez-vous recommencer une partie O/N ou quitter le jeu Q ?
[INFO ] 2019-03-08 08:02:44.191 [main] Title - *******************************
**     Mode Joueur activé    **
*******************************
[INFO ] 2019-03-08 08:02:44.237 [main] Title - Bonjour et bienvenue dans vos jeux de société.
[INFO ] 2019-03-08 08:02:44.237 [main] Title - A quel jeu souhaitez-vous jouer ? 1 -> Recherche + - : 2 -> Mastermind.
[INFO ] 2019-03-08 08:04:34.282 [main] Title - *******************************
**     Mode Joueur activé    **
*******************************
[INFO ] 2019-03-08 08:04:34.285 [main] Title - Bonjour et bienvenue dans vos jeux de société.
[INFO ] 2019-03-08 08:04:34.286 [main] Title - A quel jeu souhaitez-vous jouer ? 1 -> Recherche + - : 2 -> Mastermind.
[INFO ] 2019-03-08 08:57:55.155 [main] Title - *******************************
**     Mode Joueur activé    **
*******************************
[INFO ] 2019-03-08 08:57:55.158 [main] Title - Bonjour et bienvenue dans vos jeux de société.
[INFO ] 2019-03-08 08:57:55.158 [main] Title - A quel jeu souhaitez-vous jouer ? 1 -> Recherche + - : 2 -> Mastermind.
[INFO ] 2019-03-08 08:58:54.835 [main] Title - *******************************
**  Mode Développeur activé  **
*******************************
[INFO ] 2019-03-08 08:58:54.839 [main] Title - Bonjour et bienvenue dans vos jeux de société.
[INFO ] 2019-03-08 08:58:54.839 [main] Title - A quel jeu souhaitez-vous jouer ? 1 -> Recherche + - : 2 -> Mastermind.
[INFO ] 2019-03-08 08:59:10.792 [main] Title - Recherche + - choisissez votre mode : 1 - Challenger : 2 - Défenseur : 3 - Duel
[INFO ] 2019-03-08 08:59:16.855 [main] Title - *** Jeu du Recherche +/- en mode Challenger. Combinaison de 0 chiffres maximun et 0 essais possibles ***
[INFO ] 2019-03-08 09:18:35.946 [main] Title - *******************************
**  Mode Développeur activé  **
*******************************
[INFO ] 2019-03-08 09:18:35.949 [main] Title - Bonjour et bienvenue dans vos jeux de société.
[INFO ] 2019-03-08 09:18:35.949 [main] Title - A quel jeu souhaitez-vous jouer ? 1 -> Recherche + - : 2 -> Mastermind.
[INFO ] 2019-03-08 09:18:39.144 [main] Title - Recherche + - choisissez votre mode : 1 - Challenger : 2 - Défenseur : 3 - Duel
[INFO ] 2019-03-08 09:18:42.225 [main] Title - *** Jeu du Recherche +/- en mode Challenger. Combinaison de 0 chiffres maximun et 0 essais possibles ***
[INFO ] 2019-03-08 09:21:15.896 [main] Title - *******************************
**  Mode Développeur activé  **
*******************************
[INFO ] 2019-03-08 09:21:15.900 [main] Title - Bonjour et bienvenue dans vos jeux de société.
[INFO ] 2019-03-08 09:21:15.900 [main] Title - A quel jeu souhaitez-vous jouer ? 1 -> Recherche + - : 2 -> Mastermind.
[INFO ] 2019-03-08 09:21:21.465 [main] Title - Recherche + - choisissez votre mode : 1 - Challenger : 2 - Défenseur : 3 - Duel
[INFO ] 2019-03-08 09:21:22.497 [main] Title - *** Jeu du Recherche +/- en mode Défenseur. Combinaison de 0 chiffres maximun et 0 essais possibles ***
[INFO ] 2019-03-08 09:21:22.497 [main] Title - Joueur : Veuillez saisir votre combinaison secrète
[INFO ] 2019-03-08 09:24:19.523 [main] Title - *******************************
**  Mode Développeur activé  **
*******************************
[INFO ] 2019-03-08 09:24:19.527 [main] Title - Bonjour et bienvenue dans vos jeux de société.
[INFO ] 2019-03-08 09:24:19.527 [main] Title - A quel jeu souhaitez-vous jouer ? 1 -> Recherche + - : 2 -> Mastermind.
[INFO ] 2019-03-08 09:24:21.657 [main] Title - Recherche + - choisissez votre mode : 1 - Challenger : 2 - Défenseur : 3 - Duel
[INFO ] 2019-03-08 09:24:28.018 [main] Title - *** Jeu du Recherche +/- en mode Challenger. Combinaison de 0 chiffres maximun et 0 essais possibles ***
[INFO ] 2019-03-08 09:33:37.051 [main] Title - *******************************
**  Mode Développeur activé  **
*******************************
[INFO ] 2019-03-08 09:33:37.056 [main] Title - Bonjour et bienvenue dans vos jeux de société.
[INFO ] 2019-03-08 09:33:37.056 [main] Title - A quel jeu souhaitez-vous jouer ? 1 -> Recherche + - : 2 -> Mastermind.
[INFO ] 2019-03-08 09:33:39.355 [main] Title - Recherche + - choisissez votre mode : 1 - Challenger : 2 - Défenseur : 3 - Duel
[INFO ] 2019-03-08 09:33:41.171 [main] Title - *** Jeu du Recherche +/- en mode Challenger. Combinaison de 0 chiffres maximun et 0 essais possibles ***
[INFO ] 2019-03-08 09:37:00.352 [main] Title - *******************************
**  Mode Développeur activé  **
*******************************
[INFO ] 2019-03-08 09:37:00.356 [main] Title - Bonjour et bienvenue dans vos jeux de société.
[INFO ] 2019-03-08 09:37:00.356 [main] Title - A quel jeu souhaitez-vous jouer ? 1 -> Recherche + - : 2 -> Mastermind.
[INFO ] 2019-03-08 09:37:04.315 [main] Title - Recherche + - choisissez votre mode : 1 - Challenger : 2 - Défenseur : 3 - Duel
[INFO ] 2019-03-08 09:37:05.538 [main] Title - *** Jeu du Recherche +/- en mode Challenger. Combinaison de 0 chiffres maximun et 0 essais possibles ***
[INFO ] 2019-03-08 09:38:27.289 [main] Title - *******************************
**  Mode Développeur activé  **
*******************************
[INFO ] 2019-03-08 09:38:27.292 [main] Title - Bonjour et bienvenue dans vos jeux de société.
[INFO ] 2019-03-08 09:38:27.292 [main] Title - A quel jeu souhaitez-vous jouer ? 1 -> Recherche + - : 2 -> Mastermind.
[INFO ] 2019-03-08 09:38:30.177 [main] Title - Recherche + - choisissez votre mode : 1 - Challenger : 2 - Défenseur : 3 - Duel
[INFO ] 2019-03-08 09:38:32.059 [main] Title - *** Jeu du Recherche +/- en mode Challenger. Combinaison de 0 chiffres maximun et 0 essais possibles ***
[INFO ] 2019-03-08 09:46:05.357 [main] Title - *******************************
**  Mode Développeur activé  **
*******************************
[INFO ] 2019-03-08 09:46:05.361 [main] Title - Bonjour et bienvenue dans vos jeux de société.
[INFO ] 2019-03-08 09:46:05.361 [main] Title - A quel jeu souhaitez-vous jouer ? 1 -> Recherche + - : 2 -> Mastermind.
[INFO ] 2019-03-08 09:46:07.627 [main] Title - Recherche + - choisissez votre mode : 1 - Challenger : 2 - Défenseur : 3 - Duel
[INFO ] 2019-03-08 09:46:09.243 [main] Title - *** Jeu du Recherche +/- en mode Challenger. Combinaison de 0 chiffres maximun et 0 essais possibles ***
[INFO ] 2019-03-08 09:47:11.664 [main] Title - *******************************
**  Mode Développeur activé  **
*******************************
[INFO ] 2019-03-08 09:47:11.667 [main] Title - Bonjour et bienvenue dans vos jeux de société.
[INFO ] 2019-03-08 09:47:11.667 [main] Title - A quel jeu souhaitez-vous jouer ? 1 -> Recherche + - : 2 -> Mastermind.
[INFO ] 2019-03-08 09:47:14.218 [main] Title - Recherche + - choisissez votre mode : 1 - Challenger : 2 - Défenseur : 3 - Duel
[INFO ] 2019-03-08 09:47:15.811 [main] Title - *** Jeu du Recherche +/- en mode Challenger. Combinaison de 0 chiffres maximun et 0 essais possibles ***
[INFO ] 2019-03-08 09:47:58.996 [main] Title - *******************************
**  Mode Développeur activé  **
*******************************
[INFO ] 2019-03-08 09:47:59.001 [main] Title - Bonjour et bienvenue dans vos jeux de société.
[INFO ] 2019-03-08 09:47:59.001 [main] Title - A quel jeu souhaitez-vous jouer ? 1 -> Recherche + - : 2 -> Mastermind.
[INFO ] 2019-03-08 09:48:00.987 [main] Title - Recherche + - choisissez votre mode : 1 - Challenger : 2 - Défenseur : 3 - Duel
[INFO ] 2019-03-08 09:48:02.108 [main] Title - *** Jeu du Recherche +/- en mode Challenger. Combinaison de 0 chiffres maximun et 0 essais possibles ***
[INFO ] 2019-03-08 09:59:21.717 [main] Title - *******************************
**  Mode Développeur activé  **
*******************************
[INFO ] 2019-03-08 09:59:21.723 [main] Title - Bonjour et bienvenue dans vos jeux de société.
[INFO ] 2019-03-08 09:59:21.723 [main] Title - A quel jeu souhaitez-vous jouer ? 1 -> Recherche + - : 2 -> Mastermind.
[INFO ] 2019-03-08 09:59:24.524 [main] Title - Recherche + - choisissez votre mode : 1 - Challenger : 2 - Défenseur : 3 - Duel
[INFO ] 2019-03-08 09:59:25.580 [main] Title - *** Jeu du Recherche +/- en mode Challenger. Combinaison de 0 chiffres maximun et 0 essais possibles ***
[INFO ] 2019-03-08 10:03:55.394 [main] Title - *******************************
**  Mode Développeur activé  **
*******************************
[INFO ] 2019-03-08 10:03:55.397 [main] Title - Bonjour et bienvenue dans vos jeux de société.
[INFO ] 2019-03-08 10:03:55.397 [main] Title - A quel jeu souhaitez-vous jouer ? 1 -> Recherche + - : 2 -> Mastermind.
[INFO ] 2019-03-08 10:03:57.196 [main] Title - Recherche + - choisissez votre mode : 1 - Challenger : 2 - Défenseur : 3 - Duel
[INFO ] 2019-03-08 10:03:58.244 [main] Title - *** Jeu du Recherche +/- en mode Challenger. Combinaison de 0 chiffres maximun et 0 essais possibles ***
[INFO ] 2019-03-08 10:10:43.963 [main] Title - *******************************
**  Mode Développeur activé  **
*******************************
[INFO ] 2019-03-08 10:10:43.968 [main] Title - Bonjour et bienvenue dans vos jeux de société.
[INFO ] 2019-03-08 10:10:43.968 [main] Title - A quel jeu souhaitez-vous jouer ? 1 -> Recherche + - : 2 -> Mastermind.
[INFO ] 2019-03-08 10:19:08.441 [main] Title - *******************************
**  Mode Développeur activé  **
*******************************
[INFO ] 2019-03-08 10:19:08.445 [main] Title - Bonjour et bienvenue dans vos jeux de société.
[INFO ] 2019-03-08 10:19:08.446 [main] Title - A quel jeu souhaitez-vous jouer ? 1 -> Recherche + - : 2 -> Mastermind.
[INFO ] 2019-03-08 10:19:36.733 [main] Title - Recherche + - choisissez votre mode : 1 - Challenger : 2 - Défenseur : 3 - Duel
[INFO ] 2019-03-08 10:19:37.694 [main] Title - *** Jeu du Recherche +/- en mode Challenger. Combinaison de 4 chiffres maximun et 20 essais possibles ***
[DEBUG] 2019-03-08 10:19:37.694 [main] Title - (Combinaison secrète PC : 5853)
[INFO ] 2019-03-08 10:19:37.695 [main] Title - Joueur : Essai n°1 sur 20. Veuillez saisir une combinaison.
[INFO ] 2019-03-08 10:19:56.421 [main] Title - Joueur : Proposition n° 1 sur 20 : 0001 -> Réponse : ----
[INFO ] 2019-03-08 10:19:56.421 [main] Title - Joueur : Essai n°2 sur 20. Veuillez saisir une combinaison.
[INFO ] 2019-03-08 10:19:58.646 [main] Title - Joueur : Proposition n° 2 sur 20 : 1234 -> Réponse : ---+
[INFO ] 2019-03-08 10:19:58.646 [main] Title - Joueur : Essai n°3 sur 20. Veuillez saisir une combinaison.
[INFO ] 2019-03-08 10:20:00.286 [main] Title - Joueur : Proposition n° 3 sur 20 : 1234 -> Réponse : ---+
[INFO ] 2019-03-08 10:20:00.286 [main] Title - Joueur : Essai n°4 sur 20. Veuillez saisir une combinaison.
[INFO ] 2019-03-08 10:20:05.046 [main] Title - Joueur : Proposition n° 4 sur 20 : 5853 -> Réponse : ====
[INFO ] 2019-03-08 10:20:05.046 [main] Title - Joueur : Félicitation la combinaison secrète a été trouvée en 4 essais.
[INFO ] 2019-03-08 10:20:05.047 [main] Title - Voulez-vous recommencer une partie O/N ou quitter le jeu Q ?
[INFO ] 2019-03-08 10:21:55.256 [main] Title - *******************************
**  Mode Développeur activé  **
*******************************
[INFO ] 2019-03-08 10:21:55.259 [main] Title - Bonjour et bienvenue dans vos jeux de société.
[INFO ] 2019-03-08 10:21:55.259 [main] Title - A quel jeu souhaitez-vous jouer ? 1 -> Recherche + - : 2 -> Mastermind.
[INFO ] 2019-03-08 10:21:58.117 [main] Title - Recherche + - choisissez votre mode : 1 - Challenger : 2 - Défenseur : 3 - Duel
[INFO ] 2019-03-08 10:21:59.789 [main] Title - *** Jeu du Recherche +/- en mode Challenger. Combinaison de 4 chiffres maximun et 20 essais possibles ***
[DEBUG] 2019-03-08 10:21:59.790 [main] Title - (Combinaison secrète PC : 6140)
[INFO ] 2019-03-08 10:21:59.791 [main] Title - Joueur : Essai n°1 sur 20. Veuillez saisir une combinaison.
[INFO ] 2019-03-08 10:22:07.422 [main] Title - Joueur : Proposition n° 1 sur 20 : 6140 -> Réponse : ====
[INFO ] 2019-03-08 10:22:07.422 [main] Title - Joueur : Félicitation la combinaison secrète a été trouvée en 1 essais.
[INFO ] 2019-03-08 10:22:07.422 [main] Title - Voulez-vous recommencer une partie O/N ou quitter le jeu Q ?
[INFO ] 2019-03-08 10:23:03.349 [main] Title - *******************************
**     Mode Joueur activé    **
*******************************
[INFO ] 2019-03-08 10:23:03.352 [main] Title - Bonjour et bienvenue dans vos jeux de société.
[INFO ] 2019-03-08 10:23:03.353 [main] Title - A quel jeu souhaitez-vous jouer ? 1 -> Recherche + - : 2 -> Mastermind.
[INFO ] 2019-03-15 12:55:34.547 [main] Title - *******************************
**     Mode Joueur activé    **
*******************************
[INFO ] 2019-03-15 12:55:34.590 [main] Title - Bonjour et bienvenue dans vos jeux de société.
[INFO ] 2019-03-15 12:55:34.590 [main] Title - A quel jeu souhaitez-vous jouer ? 1 -> Recherche + - : 2 -> Mastermind.
[INFO ] 2019-03-15 12:55:40.664 [main] Title - Recherche + - choisissez votre mode : 1 - Challenger : 2 - Défenseur : 3 - Duel
[INFO ] 2019-03-15 12:55:42.424 [main] Title - *** Jeu du Recherche +/- en mode Défenseur. Combinaison de 4 chiffres maximun et 20 essais possibles ***
[INFO ] 2019-03-15 12:55:42.425 [main] Title - Joueur : Veuillez saisir votre combinaison secrète
[INFO ] 2019-03-15 12:55:46.720 [main] Title - PC : Proposition n° 1 sur 20 : 6834 -> Réponse : ++==
[INFO ] 2019-03-15 12:55:46.721 [main] Title - PC : Proposition n° 2 sur 20 : 3734 -> Réponse : ++==
[INFO ] 2019-03-15 12:55:46.721 [main] Title - PC : Proposition n° 3 sur 20 : 0634 -> Réponse : -+==
[INFO ] 2019-03-15 12:55:46.721 [main] Title - PC : Proposition n° 4 sur 20 : 1434 -> Réponse : =+==
[INFO ] 2019-03-15 12:55:46.722 [main] Title - PC : Proposition n° 5 sur 20 : 1334 -> Réponse : =+==
[INFO ] 2019-03-15 12:55:46.722 [main] Title - PC : Proposition n° 6 sur 20 : 1134 -> Réponse : =-==
[INFO ] 2019-03-15 12:55:46.722 [main] Title - PC : Proposition n° 7 sur 20 : 1234 -> Réponse : ====
[INFO ] 2019-03-15 12:55:46.722 [main] Title - PC : Félicitation la combinaison secrète a été trouvée en 7 essais.
[INFO ] 2019-03-15 12:55:46.723 [main] Title - Voulez-vous recommencer une partie O/N ou quitter le jeu Q ?
[ERROR] 2019-03-15 12:55:52.164 [main] Title - Je n'ai pas compris votre choix.
[INFO ] 2019-03-15 12:55:52.164 [main] Title - Voulez-vous recommencer une partie O/N ou quitter le jeu Q ?
